<?xml version="1.0" encoding="UTF-8"?>
<!-- Generated by org.testng.reporters.JUnitXMLReporter -->
<testsuite hostname="IX8J8MHL3" ignored="0" name="Default test" tests="1" failures="1" timestamp="2022-06-23T14:30:55 IST" time="78.071" errors="0">
  <testcase name="runScenario" time="77.329" classname="io.cucumber.testng.AbstractTestNGCucumberTests">
    <failure type="java.lang.IndexOutOfBoundsException" message="Index: 1, Size: 1">
      <![CDATA[java.lang.IndexOutOfBoundsException: Index: 1, Size: 1
at java.util.ArrayList.rangeCheck(ArrayList.java:657)
at java.util.ArrayList.get(ArrayList.java:433)
at java.util.Collections$UnmodifiableList.get(Collections.java:1309)
at StepDefinitions.StepDataTableTesting.user_enters_user_name_and_password(StepDataTableTesting.java:30)
at âœ½.User enters UserName and Password(file:///C:/Users/703323585/Narmada/Narmada_AutomationProject_May17/Narmada_MiniProject/MavenProjectSample/src/test/resources/Feature/DataTableTesting.feature:6)
]]>
    </failure>
  </testcase> <!-- runScenario -->
</testsuite> <!-- Default test -->
