<?xml version="1.0" encoding="UTF-8"?>
<!-- Generated by org.testng.reporters.JUnitReportReporter -->
<testsuite skipped="0" hostname="IX8J8MHL3" name="TestRunner.Runner" tests="10" failures="1" timestamp="2022-06-23T16:46:48 IST" time="412.618" errors="0">
  <testcase name="runScenario" time="61.109" classname="TestRunner.Runner"/>
  <system-out/>
  <testcase name="runScenario" time="41.268" classname="TestRunner.Runner"/>
  <system-out/>
  <testcase name="runScenario" time="13.157" classname="TestRunner.Runner"/>
  <system-out/>
  <testcase name="runScenario" time="21.806" classname="TestRunner.Runner"/>
  <system-out/>
  <testcase name="runScenario" time="12.312" classname="TestRunner.Runner"/>
  <system-out/>
  <testcase name="runScenario" time="44.594" classname="TestRunner.Runner"/>
  <system-out/>
  <testcase name="runScenario" time="82.261" classname="TestRunner.Runner">
    <failure type="java.lang.AssertionError" message="expected [13344] but found [18561]">
      <![CDATA[java.lang.AssertionError: expected [13344] but found [18561]
at org.testng.Assert.fail(Assert.java:99)
at org.testng.Assert.failNotEquals(Assert.java:1037)
at org.testng.Assert.assertEqualsImpl(Assert.java:140)
at org.testng.Assert.assertEquals(Assert.java:122)
at org.testng.Assert.assertEquals(Assert.java:629)
at org.testng.Assert.assertEquals(Assert.java:639)
at PageObjects.TransferFund.verifyTransferFromAccountId(TransferFund.java:102)
at StepDefinitions.StepTransferFund.verify_from_account_should_be_and_to_account_should_be(StepTransferFund.java:60)
at âœ½.Verify From account should be "13344" and To account should be "13344"(file:///C:/Users/703323585/Narmada/Narmada_AutomationProject_May17/Narmada_MiniProject/MavenProjectSample/src/test/resources/Feature/TransferFund.feature:17)
]]>
    </failure>
  </testcase> <!-- runScenario -->
  <system-out/>
  <testcase name="runScenario" time="16.544" classname="TestRunner.Runner"/>
  <system-out/>
  <testcase name="runScenario" time="55.837" classname="TestRunner.Runner"/>
  <system-out/>
  <testcase name="runScenario" time="63.730" classname="TestRunner.Runner"/>
  <system-out/>
</testsuite> <!-- TestRunner.Runner -->
